<?xml version="1.0" encoding="UTF-8"?>
<!-- Generated by org.testng.reporters.JUnitReportReporter -->
<testsuite hostname="QSP-Prashant" name="com.qsptechnologies.PageFactory_model.modules.testCases.SalesForceSignUp_TC02" tests="1" failures="0" timestamp="4 Oct 2019 08:17:27 GMT" time="58.817" errors="0">
  <testcase name="tc02_SalesForceSignUp" time="58.817" classname="com.qsptechnologies.PageFactory_model.modules.testCases.SalesForceSignUp_TC02"/>
</testsuite> <!-- com.qsptechnologies.PageFactory_model.modules.testCases.SalesForceSignUp_TC02 -->
