<?xml version="1.0" encoding="UTF-8"?>
<!-- Generated by org.testng.reporters.JUnitReportReporter -->
<testsuite hostname="QSP-Prashant" name="com.qsptechnologies.PageFactory_model.modules.testCases.SalesForceSignUp_TC01" tests="1" failures="0" timestamp="30 Sep 2019 07:40:54 GMT" time="45.581" errors="0">
  <testcase name="tc01_SalesForceSignUp" time="45.581" classname="com.qsptechnologies.PageFactory_model.modules.testCases.SalesForceSignUp_TC01"/>
</testsuite> <!-- com.qsptechnologies.PageFactory_model.modules.testCases.SalesForceSignUp_TC01 -->
